<?xml version="1.0" encoding="UTF-8" ?>
<testsuite tests="4" failures="0" name="codeu.controller.RegisterServletTest" time="0.076" errors="0" skipped="0">
  <properties>
[...]
</properties>
  <testcase classname="codeu.controller.RegisterServletTest" name="testDoPost_ExistingUser" time="0"/>
  <testcase classname="codeu.controller.RegisterServletTest" name="testDoPost_NewUser" time="0.074"/>
  <testcase classname="codeu.controller.RegisterServletTest" name="testDoGet" time="0.001"/>
  <testcase classname="codeu.controller.RegisterServletTest" name="testDoPost_BadUsername" time="0.001"/>
</testsuite>