<?xml version="1.0" encoding="UTF-8" ?>
<testsuite tests="6" failures="0" name="codeu.controller.ConversationServletTest" time="0.042" errors="0" skipped="0">
  <properties>
[...]
</properties>
  <testcase classname="codeu.controller.ConversationServletTest" name="testDoPost_NewConversation" time="0"/>
  <testcase classname="codeu.controller.ConversationServletTest" name="testDoGet" time="0"/>
  <testcase classname="codeu.controller.ConversationServletTest" name="testDoPost_ConversationNameTaken" time="0"/>
  <testcase classname="codeu.controller.ConversationServletTest" name="testDoPost_UserNotLoggedIn" time="0"/>
  <testcase classname="codeu.controller.ConversationServletTest" name="testDoPost_BadConversationName" time="0"/>
  <testcase classname="codeu.controller.ConversationServletTest" name="testDoPost_InvalidUser" time="0.042"/>
</testsuite>